2020-05-03 19:21:51,817 - INFO - allennlp.common.params - random_seed = 13370
2020-05-03 19:21:51,818 - INFO - allennlp.common.params - numpy_seed = 1337
2020-05-03 19:21:51,819 - INFO - allennlp.common.params - pytorch_seed = 133
2020-05-03 19:21:51,888 - INFO - allennlp.common.checks - Pytorch version: 1.5.0
2020-05-03 19:21:51,893 - INFO - allennlp.common.params - evaluate_on_test = False
2020-05-03 19:21:51,894 - INFO - allennlp.common.params - validation_dataset_reader = None
2020-05-03 19:21:51,895 - INFO - allennlp.common.from_params - instantiating class <class 'allennlp.data.dataset_readers.dataset_reader.DatasetReader'> from params {'type': 'preco', 'token_indexers': {'tokens': {'type': 'single_id', 'lowercase_tokens': False}, 'token_characters': {'type': 'characters', 'min_padding_length': 5}}, 'max_span_width': 10, 'kwargs': 0} and extras set()
2020-05-03 19:21:51,896 - INFO - allennlp.common.params - dataset_reader.type = preco
2020-05-03 19:21:51,897 - INFO - allennlp.common.from_params - instantiating class <class 'allennlp.data.dataset_readers.coreference_resolution.preco.PrecoReader'> from params {'token_indexers': {'tokens': {'type': 'single_id', 'lowercase_tokens': False}, 'token_characters': {'type': 'characters', 'min_padding_length': 5}}, 'max_span_width': 10, 'kwargs': 0} and extras set()
2020-05-03 19:21:51,898 - INFO - allennlp.common.params - dataset_reader.max_span_width = 10
2020-05-03 19:21:51,900 - INFO - allennlp.common.from_params - instantiating class <class 'allennlp.data.token_indexers.token_indexer.TokenIndexer'> from params {'type': 'single_id', 'lowercase_tokens': False} and extras set()
2020-05-03 19:21:51,901 - INFO - allennlp.common.params - dataset_reader.token_indexers.tokens.type = single_id
2020-05-03 19:21:51,902 - INFO - allennlp.common.from_params - instantiating class <class 'allennlp.data.token_indexers.single_id_token_indexer.SingleIdTokenIndexer'> from params {'lowercase_tokens': False} and extras set()
2020-05-03 19:21:51,903 - INFO - allennlp.common.params - dataset_reader.token_indexers.tokens.namespace = tokens
2020-05-03 19:21:51,904 - INFO - allennlp.common.params - dataset_reader.token_indexers.tokens.lowercase_tokens = False
2020-05-03 19:21:51,905 - INFO - allennlp.common.params - dataset_reader.token_indexers.tokens.start_tokens = None
2020-05-03 19:21:51,906 - INFO - allennlp.common.params - dataset_reader.token_indexers.tokens.end_tokens = None
2020-05-03 19:21:51,907 - INFO - allennlp.common.params - dataset_reader.token_indexers.tokens.token_min_padding_length = 0
2020-05-03 19:21:51,908 - INFO - allennlp.common.from_params - instantiating class <class 'allennlp.data.token_indexers.token_indexer.TokenIndexer'> from params {'type': 'characters', 'min_padding_length': 5} and extras set()
2020-05-03 19:21:51,912 - INFO - allennlp.common.params - dataset_reader.token_indexers.token_characters.type = characters
2020-05-03 19:21:51,913 - INFO - allennlp.common.from_params - instantiating class <class 'allennlp.data.token_indexers.token_characters_indexer.TokenCharactersIndexer'> from params {'min_padding_length': 5} and extras set()
2020-05-03 19:21:51,914 - INFO - allennlp.common.params - dataset_reader.token_indexers.token_characters.namespace = token_characters
2020-05-03 19:21:51,915 - INFO - allennlp.common.params - dataset_reader.token_indexers.token_characters.start_tokens = None
2020-05-03 19:21:51,916 - INFO - allennlp.common.params - dataset_reader.token_indexers.token_characters.end_tokens = None
2020-05-03 19:21:51,917 - INFO - allennlp.common.params - dataset_reader.token_indexers.token_characters.min_padding_length = 5
2020-05-03 19:21:51,918 - INFO - allennlp.common.params - dataset_reader.token_indexers.token_characters.token_min_padding_length = 0
2020-05-03 19:21:51,919 - INFO - allennlp.common.params - dataset_reader.max_sentences = None
2020-05-03 19:21:51,920 - INFO - allennlp.common.params - dataset_reader.remove_singleton_clusters = True
2020-05-03 19:21:51,923 - INFO - allennlp.common.params - dataset_reader.kwargs = 0
2020-05-03 19:21:51,924 - INFO - allennlp.common.params - train_data_path = W:\NLP\preco\PreCo_1.0.tar\PreCo_1.0\train.jsonl
2020-05-03 19:21:51,926 - INFO - allennlp.training.util - Reading training data from W:\NLP\preco\PreCo_1.0.tar\PreCo_1.0\train.jsonl
2020-05-03 19:22:29,849 - INFO - allennlp.common.params - validation_data_path = W:\NLP\preco\PreCo_1.0.tar\PreCo_1.0\dev.jsonl
2020-05-03 19:22:29,850 - INFO - allennlp.training.util - Reading validation data from W:\NLP\preco\PreCo_1.0.tar\PreCo_1.0\dev.jsonl
2020-05-03 19:22:35,518 - INFO - allennlp.common.params - test_data_path = W:\NLP\preco\PreCo_1.0.tar\PreCo_1.0\test.jsonl
2020-05-03 19:22:35,519 - INFO - allennlp.training.util - Reading test data from W:\NLP\preco\PreCo_1.0.tar\PreCo_1.0\test.jsonl
2020-05-03 19:22:43,301 - INFO - allennlp.training.trainer_pieces - From dataset instances, test, validation, train will be considered for vocabulary creation.
2020-05-03 19:22:43,302 - INFO - allennlp.common.params - vocabulary.type = None
2020-05-03 19:22:43,302 - INFO - allennlp.common.params - vocabulary.extend = False
2020-05-03 19:22:43,303 - INFO - allennlp.common.params - vocabulary.directory_path = None
2020-05-03 19:22:43,304 - INFO - allennlp.common.params - vocabulary.min_count = None
2020-05-03 19:22:43,305 - INFO - allennlp.common.params - vocabulary.max_vocab_size = None
2020-05-03 19:22:43,305 - INFO - allennlp.common.params - vocabulary.non_padded_namespaces = ('*tags', '*labels')
2020-05-03 19:22:43,306 - INFO - allennlp.common.params - vocabulary.pretrained_files = {}
2020-05-03 19:22:43,306 - INFO - allennlp.common.params - vocabulary.min_pretrained_embeddings = None
2020-05-03 19:22:43,307 - INFO - allennlp.common.params - vocabulary.only_include_pretrained_words = False
2020-05-03 19:22:43,308 - INFO - allennlp.common.params - vocabulary.tokens_to_add = None
2020-05-03 19:22:43,308 - INFO - allennlp.data.vocabulary - Fitting token dictionary from dataset.
2020-05-03 19:22:53,337 - INFO - allennlp.common.from_params - instantiating class <class 'allennlp.models.model.Model'> from params {'type': 'coref', 'text_field_embedder': {'token_embedders': {'tokens': {'type': 'embedding', 'pretrained_file': 'https://allennlp.s3.amazonaws.com/datasets/glove/glove.6B.300d.txt.gz', 'embedding_dim': 300, 'trainable': False}, 'token_characters': {'type': 'character_encoding', 'embedding': {'num_embeddings': 262, 'embedding_dim': 16}, 'encoder': {'type': 'cnn', 'embedding_dim': 16, 'num_filters': 100, 'ngram_filter_sizes': [5]}}}}, 'context_layer': {'type': 'lstm', 'bidirectional': True, 'input_size': 400, 'hidden_size': 200, 'num_layers': 1}, 'mention_feedforward': {'input_dim': 1220, 'num_layers': 2, 'hidden_dims': 150, 'activations': 'relu', 'dropout': 0.2}, 'antecedent_feedforward': {'input_dim': 3680, 'num_layers': 2, 'hidden_dims': 150, 'activations': 'relu', 'dropout': 0.2}, 'initializer': [['.*linear_layers.*weight', {'type': 'xavier_normal'}], ['.*scorer._module.weight', {'type': 'xavier_normal'}], ['_distance_embedding.weight', {'type': 'xavier_normal'}], ['_span_width_embedding.weight', {'type': 'xavier_normal'}], ['_context_layer._module.weight_ih.*', {'type': 'xavier_normal'}], ['_context_layer._module.weight_hh.*', {'type': 'orthogonal'}]], 'lexical_dropout': 0.5, 'feature_size': 20, 'max_span_width': 10, 'spans_per_word': 0.4, 'max_antecedents': 100} and extras {'vocab'}
2020-05-03 19:22:53,338 - INFO - allennlp.common.params - model.type = coref
2020-05-03 19:22:53,342 - INFO - allennlp.common.from_params - instantiating class <class 'allennlp.models.coreference_resolution.coref.CoreferenceResolver'> from params {'text_field_embedder': {'token_embedders': {'tokens': {'type': 'embedding', 'pretrained_file': 'https://allennlp.s3.amazonaws.com/datasets/glove/glove.6B.300d.txt.gz', 'embedding_dim': 300, 'trainable': False}, 'token_characters': {'type': 'character_encoding', 'embedding': {'num_embeddings': 262, 'embedding_dim': 16}, 'encoder': {'type': 'cnn', 'embedding_dim': 16, 'num_filters': 100, 'ngram_filter_sizes': [5]}}}}, 'context_layer': {'type': 'lstm', 'bidirectional': True, 'input_size': 400, 'hidden_size': 200, 'num_layers': 1}, 'mention_feedforward': {'input_dim': 1220, 'num_layers': 2, 'hidden_dims': 150, 'activations': 'relu', 'dropout': 0.2}, 'antecedent_feedforward': {'input_dim': 3680, 'num_layers': 2, 'hidden_dims': 150, 'activations': 'relu', 'dropout': 0.2}, 'initializer': [['.*linear_layers.*weight', {'type': 'xavier_normal'}], ['.*scorer._module.weight', {'type': 'xavier_normal'}], ['_distance_embedding.weight', {'type': 'xavier_normal'}], ['_span_width_embedding.weight', {'type': 'xavier_normal'}], ['_context_layer._module.weight_ih.*', {'type': 'xavier_normal'}], ['_context_layer._module.weight_hh.*', {'type': 'orthogonal'}]], 'lexical_dropout': 0.5, 'feature_size': 20, 'max_span_width': 10, 'spans_per_word': 0.4, 'max_antecedents': 100} and extras {'vocab'}
2020-05-03 19:22:53,344 - INFO - allennlp.common.from_params - instantiating class <class 'allennlp.modules.text_field_embedders.text_field_embedder.TextFieldEmbedder'> from params {'token_embedders': {'tokens': {'type': 'embedding', 'pretrained_file': 'https://allennlp.s3.amazonaws.com/datasets/glove/glove.6B.300d.txt.gz', 'embedding_dim': 300, 'trainable': False}, 'token_characters': {'type': 'character_encoding', 'embedding': {'num_embeddings': 262, 'embedding_dim': 16}, 'encoder': {'type': 'cnn', 'embedding_dim': 16, 'num_filters': 100, 'ngram_filter_sizes': [5]}}}} and extras {'vocab'}
2020-05-03 19:22:53,344 - INFO - allennlp.common.params - model.text_field_embedder.type = basic
2020-05-03 19:22:53,345 - INFO - allennlp.common.params - model.text_field_embedder.embedder_to_indexer_map = None
2020-05-03 19:22:53,346 - INFO - allennlp.common.params - model.text_field_embedder.allow_unmatched_keys = False
2020-05-03 19:22:53,347 - INFO - allennlp.common.from_params - instantiating class <class 'allennlp.modules.token_embedders.token_embedder.TokenEmbedder'> from params {'type': 'embedding', 'pretrained_file': 'https://allennlp.s3.amazonaws.com/datasets/glove/glove.6B.300d.txt.gz', 'embedding_dim': 300, 'trainable': False} and extras {'vocab'}
2020-05-03 19:22:53,349 - INFO - allennlp.common.params - model.text_field_embedder.token_embedders.tokens.type = embedding
2020-05-03 19:22:53,353 - INFO - allennlp.common.params - model.text_field_embedder.token_embedders.tokens.num_embeddings = None
2020-05-03 19:22:53,354 - INFO - allennlp.common.params - model.text_field_embedder.token_embedders.tokens.vocab_namespace = tokens
2020-05-03 19:22:53,354 - INFO - allennlp.common.params - model.text_field_embedder.token_embedders.tokens.embedding_dim = 300
2020-05-03 19:22:53,355 - INFO - allennlp.common.params - model.text_field_embedder.token_embedders.tokens.pretrained_file = https://allennlp.s3.amazonaws.com/datasets/glove/glove.6B.300d.txt.gz
2020-05-03 19:22:53,356 - INFO - allennlp.common.params - model.text_field_embedder.token_embedders.tokens.projection_dim = None
2020-05-03 19:22:53,357 - INFO - allennlp.common.params - model.text_field_embedder.token_embedders.tokens.trainable = False
2020-05-03 19:22:53,358 - INFO - allennlp.common.params - model.text_field_embedder.token_embedders.tokens.padding_index = None
2020-05-03 19:22:53,359 - INFO - allennlp.common.params - model.text_field_embedder.token_embedders.tokens.max_norm = None
2020-05-03 19:22:53,360 - INFO - allennlp.common.params - model.text_field_embedder.token_embedders.tokens.norm_type = 2.0
2020-05-03 19:22:53,361 - INFO - allennlp.common.params - model.text_field_embedder.token_embedders.tokens.scale_grad_by_freq = False
2020-05-03 19:22:53,366 - INFO - allennlp.common.params - model.text_field_embedder.token_embedders.tokens.sparse = False
2020-05-03 19:22:53,381 - INFO - allennlp.modules.token_embedders.embedding - Reading pretrained embeddings from file
2020-05-03 19:23:08,550 - INFO - allennlp.modules.token_embedders.embedding - Initializing pre-trained embedding layer
2020-05-03 19:23:09,442 - INFO - allennlp.modules.token_embedders.embedding - Pretrained embeddings were found for 21366 out of 40670 tokens
2020-05-03 19:23:09,463 - INFO - allennlp.common.from_params - instantiating class <class 'allennlp.modules.token_embedders.token_embedder.TokenEmbedder'> from params {'type': 'character_encoding', 'embedding': {'num_embeddings': 262, 'embedding_dim': 16}, 'encoder': {'type': 'cnn', 'embedding_dim': 16, 'num_filters': 100, 'ngram_filter_sizes': [5]}} and extras {'vocab'}
2020-05-03 19:23:09,465 - INFO - allennlp.common.params - model.text_field_embedder.token_embedders.token_characters.type = character_encoding
2020-05-03 19:23:09,467 - INFO - allennlp.common.params - model.text_field_embedder.token_embedders.token_characters.embedding.num_embeddings = 262
2020-05-03 19:23:09,468 - INFO - allennlp.common.params - model.text_field_embedder.token_embedders.token_characters.embedding.vocab_namespace = None
2020-05-03 19:23:09,469 - INFO - allennlp.common.params - model.text_field_embedder.token_embedders.token_characters.embedding.embedding_dim = 16
2020-05-03 19:23:09,469 - INFO - allennlp.common.params - model.text_field_embedder.token_embedders.token_characters.embedding.pretrained_file = None
2020-05-03 19:23:09,470 - INFO - allennlp.common.params - model.text_field_embedder.token_embedders.token_characters.embedding.projection_dim = None
2020-05-03 19:23:09,471 - INFO - allennlp.common.params - model.text_field_embedder.token_embedders.token_characters.embedding.trainable = True
2020-05-03 19:23:09,472 - INFO - allennlp.common.params - model.text_field_embedder.token_embedders.token_characters.embedding.padding_index = None
2020-05-03 19:23:09,473 - INFO - allennlp.common.params - model.text_field_embedder.token_embedders.token_characters.embedding.max_norm = None
2020-05-03 19:23:09,474 - INFO - allennlp.common.params - model.text_field_embedder.token_embedders.token_characters.embedding.norm_type = 2.0
2020-05-03 19:23:09,475 - INFO - allennlp.common.params - model.text_field_embedder.token_embedders.token_characters.embedding.scale_grad_by_freq = False
2020-05-03 19:23:09,481 - INFO - allennlp.common.params - model.text_field_embedder.token_embedders.token_characters.embedding.sparse = False
2020-05-03 19:23:09,597 - INFO - allennlp.common.from_params - instantiating class <class 'allennlp.modules.seq2vec_encoders.seq2vec_encoder.Seq2VecEncoder'> from params {'type': 'cnn', 'embedding_dim': 16, 'num_filters': 100, 'ngram_filter_sizes': [5]} and extras set()
2020-05-03 19:23:09,598 - INFO - allennlp.common.params - model.text_field_embedder.token_embedders.token_characters.encoder.type = cnn
2020-05-03 19:23:09,601 - INFO - allennlp.common.from_params - instantiating class <class 'allennlp.modules.seq2vec_encoders.cnn_encoder.CnnEncoder'> from params {'embedding_dim': 16, 'num_filters': 100, 'ngram_filter_sizes': [5]} and extras set()
2020-05-03 19:23:09,601 - INFO - allennlp.common.params - model.text_field_embedder.token_embedders.token_characters.encoder.embedding_dim = 16
2020-05-03 19:23:09,602 - INFO - allennlp.common.params - model.text_field_embedder.token_embedders.token_characters.encoder.num_filters = 100
2020-05-03 19:23:09,604 - INFO - allennlp.common.params - model.text_field_embedder.token_embedders.token_characters.encoder.ngram_filter_sizes = [5]
2020-05-03 19:23:09,605 - INFO - allennlp.common.params - model.text_field_embedder.token_embedders.token_characters.encoder.output_dim = None
2020-05-03 19:23:09,606 - INFO - allennlp.common.registrable - instantiating registered subclass relu of <class 'allennlp.nn.activations.Activation'>
2020-05-03 19:23:09,621 - INFO - allennlp.common.params - model.text_field_embedder.token_embedders.token_characters.dropout = 0.0
2020-05-03 19:23:09,622 - INFO - allennlp.common.from_params - instantiating class <class 'allennlp.modules.seq2seq_encoders.seq2seq_encoder.Seq2SeqEncoder'> from params {'type': 'lstm', 'bidirectional': True, 'input_size': 400, 'hidden_size': 200, 'num_layers': 1} and extras {'vocab'}
2020-05-03 19:23:09,624 - INFO - allennlp.common.params - model.context_layer.type = lstm
2020-05-03 19:23:09,625 - INFO - allennlp.common.params - model.context_layer.batch_first = True
2020-05-03 19:23:09,626 - INFO - allennlp.common.params - model.context_layer.stateful = False
2020-05-03 19:23:09,627 - INFO - allennlp.common.params - Converting Params object to dict; logging of default values will not occur when dictionary parameters are used subsequently.
2020-05-03 19:23:09,628 - INFO - allennlp.common.params - CURRENTLY DEFINED PARAMETERS: 
2020-05-03 19:23:09,629 - INFO - allennlp.common.params - model.context_layer.bidirectional = True
2020-05-03 19:23:09,630 - INFO - allennlp.common.params - model.context_layer.input_size = 400
2020-05-03 19:23:09,634 - INFO - allennlp.common.params - model.context_layer.hidden_size = 200
2020-05-03 19:23:09,635 - INFO - allennlp.common.params - model.context_layer.num_layers = 1
2020-05-03 19:23:09,638 - INFO - allennlp.common.params - model.context_layer.batch_first = True
2020-05-03 19:23:09,652 - INFO - allennlp.common.from_params - instantiating class <class 'allennlp.modules.feedforward.FeedForward'> from params {'input_dim': 1220, 'num_layers': 2, 'hidden_dims': 150, 'activations': 'relu', 'dropout': 0.2} and extras {'vocab'}
2020-05-03 19:23:09,652 - INFO - allennlp.common.params - model.mention_feedforward.input_dim = 1220
2020-05-03 19:23:09,654 - INFO - allennlp.common.params - model.mention_feedforward.num_layers = 2
2020-05-03 19:23:09,655 - INFO - allennlp.common.params - model.mention_feedforward.hidden_dims = 150
2020-05-03 19:23:09,656 - INFO - allennlp.common.params - model.mention_feedforward.activations = relu
2020-05-03 19:23:09,657 - INFO - allennlp.common.registrable - instantiating registered subclass relu of <class 'allennlp.nn.activations.Activation'>
2020-05-03 19:23:09,658 - INFO - allennlp.common.params - model.mention_feedforward.dropout = 0.2
2020-05-03 19:23:09,662 - INFO - allennlp.common.from_params - instantiating class <class 'allennlp.modules.feedforward.FeedForward'> from params {'input_dim': 3680, 'num_layers': 2, 'hidden_dims': 150, 'activations': 'relu', 'dropout': 0.2} and extras {'vocab'}
2020-05-03 19:23:09,664 - INFO - allennlp.common.params - model.antecedent_feedforward.input_dim = 3680
2020-05-03 19:23:09,664 - INFO - allennlp.common.params - model.antecedent_feedforward.num_layers = 2
2020-05-03 19:23:09,665 - INFO - allennlp.common.params - model.antecedent_feedforward.hidden_dims = 150
2020-05-03 19:23:09,667 - INFO - allennlp.common.params - model.antecedent_feedforward.activations = relu
2020-05-03 19:23:09,669 - INFO - allennlp.common.registrable - instantiating registered subclass relu of <class 'allennlp.nn.activations.Activation'>
2020-05-03 19:23:09,670 - INFO - allennlp.common.params - model.antecedent_feedforward.dropout = 0.2
2020-05-03 19:23:09,679 - INFO - allennlp.common.params - model.feature_size = 20
2020-05-03 19:23:09,680 - INFO - allennlp.common.params - model.max_span_width = 10
2020-05-03 19:23:09,681 - INFO - allennlp.common.params - model.spans_per_word = 0.4
2020-05-03 19:23:09,682 - INFO - allennlp.common.params - model.max_antecedents = 100
2020-05-03 19:23:09,684 - INFO - allennlp.common.params - model.lexical_dropout = 0.5
2020-05-03 19:23:09,686 - INFO - allennlp.common.from_params - instantiating class <class 'allennlp.nn.initializers.Initializer'> from params {'type': 'xavier_normal'} and extras set()
2020-05-03 19:23:09,686 - INFO - allennlp.common.params - model.initializer.0.1.type = xavier_normal
2020-05-03 19:23:09,687 - INFO - allennlp.common.params - Converting Params object to dict; logging of default values will not occur when dictionary parameters are used subsequently.
2020-05-03 19:23:09,688 - INFO - allennlp.common.params - CURRENTLY DEFINED PARAMETERS: 
2020-05-03 19:23:09,689 - INFO - allennlp.common.from_params - instantiating class <class 'allennlp.nn.initializers.Initializer'> from params {'type': 'xavier_normal'} and extras set()
2020-05-03 19:23:09,690 - INFO - allennlp.common.params - model.initializer.1.1.type = xavier_normal
2020-05-03 19:23:09,691 - INFO - allennlp.common.params - Converting Params object to dict; logging of default values will not occur when dictionary parameters are used subsequently.
2020-05-03 19:23:09,691 - INFO - allennlp.common.params - CURRENTLY DEFINED PARAMETERS: 
2020-05-03 19:23:09,692 - INFO - allennlp.common.from_params - instantiating class <class 'allennlp.nn.initializers.Initializer'> from params {'type': 'xavier_normal'} and extras set()
2020-05-03 19:23:09,693 - INFO - allennlp.common.params - model.initializer.2.1.type = xavier_normal
2020-05-03 19:23:09,696 - INFO - allennlp.common.params - Converting Params object to dict; logging of default values will not occur when dictionary parameters are used subsequently.
2020-05-03 19:23:09,698 - INFO - allennlp.common.params - CURRENTLY DEFINED PARAMETERS: 
2020-05-03 19:23:09,698 - INFO - allennlp.common.from_params - instantiating class <class 'allennlp.nn.initializers.Initializer'> from params {'type': 'xavier_normal'} and extras set()
2020-05-03 19:23:09,699 - INFO - allennlp.common.params - model.initializer.3.1.type = xavier_normal
2020-05-03 19:23:09,701 - INFO - allennlp.common.params - Converting Params object to dict; logging of default values will not occur when dictionary parameters are used subsequently.
2020-05-03 19:23:09,701 - INFO - allennlp.common.params - CURRENTLY DEFINED PARAMETERS: 
2020-05-03 19:23:09,703 - INFO - allennlp.common.from_params - instantiating class <class 'allennlp.nn.initializers.Initializer'> from params {'type': 'xavier_normal'} and extras set()
2020-05-03 19:23:09,703 - INFO - allennlp.common.params - model.initializer.4.1.type = xavier_normal
2020-05-03 19:23:09,704 - INFO - allennlp.common.params - Converting Params object to dict; logging of default values will not occur when dictionary parameters are used subsequently.
2020-05-03 19:23:09,705 - INFO - allennlp.common.params - CURRENTLY DEFINED PARAMETERS: 
2020-05-03 19:23:09,708 - INFO - allennlp.common.from_params - instantiating class <class 'allennlp.nn.initializers.Initializer'> from params {'type': 'orthogonal'} and extras set()
2020-05-03 19:23:09,709 - INFO - allennlp.common.params - model.initializer.5.1.type = orthogonal
2020-05-03 19:23:09,710 - INFO - allennlp.common.params - Converting Params object to dict; logging of default values will not occur when dictionary parameters are used subsequently.
2020-05-03 19:23:09,711 - INFO - allennlp.common.params - CURRENTLY DEFINED PARAMETERS: 
2020-05-03 19:23:09,713 - INFO - allennlp.nn.initializers - Initializing parameters
2020-05-03 19:23:09,716 - INFO - allennlp.nn.initializers - Initializing _context_layer._module.weight_ih_l0 using _context_layer._module.weight_ih.* initializer
2020-05-03 19:23:09,722 - INFO - allennlp.nn.initializers - Initializing _context_layer._module.weight_hh_l0 using _context_layer._module.weight_hh.* initializer
2020-05-03 19:23:10,083 - INFO - allennlp.nn.initializers - Initializing _context_layer._module.weight_ih_l0_reverse using _context_layer._module.weight_ih.* initializer
2020-05-03 19:23:10,091 - INFO - allennlp.nn.initializers - Initializing _context_layer._module.weight_hh_l0_reverse using _context_layer._module.weight_hh.* initializer
2020-05-03 19:23:10,101 - INFO - allennlp.nn.initializers - Initializing _antecedent_feedforward._module._linear_layers.0.weight using .*linear_layers.*weight initializer
2020-05-03 19:23:10,109 - INFO - allennlp.nn.initializers - Initializing _antecedent_feedforward._module._linear_layers.1.weight using .*linear_layers.*weight initializer
2020-05-03 19:23:10,111 - INFO - allennlp.nn.initializers - Initializing _mention_pruner._scorer.0._module._linear_layers.0.weight using .*linear_layers.*weight initializer
2020-05-03 19:23:10,114 - INFO - allennlp.nn.initializers - Initializing _mention_pruner._scorer.0._module._linear_layers.1.weight using .*linear_layers.*weight initializer
2020-05-03 19:23:10,116 - INFO - allennlp.nn.initializers - Initializing _antecedent_scorer._module.weight using .*scorer._module.weight initializer
2020-05-03 19:23:10,117 - INFO - allennlp.nn.initializers - Initializing _endpoint_span_extractor._span_width_embedding.weight using _span_width_embedding.weight initializer
2020-05-03 19:23:10,118 - INFO - allennlp.nn.initializers - Initializing _distance_embedding.weight using _distance_embedding.weight initializer
2020-05-03 19:23:10,118 - INFO - allennlp.nn.initializers - Done initializing parameters; the following parameters are using their default initialization from their code
2020-05-03 19:23:10,119 - INFO - allennlp.nn.initializers -    _antecedent_feedforward._module._linear_layers.0.bias
2020-05-03 19:23:10,120 - INFO - allennlp.nn.initializers -    _antecedent_feedforward._module._linear_layers.1.bias
2020-05-03 19:23:10,121 - INFO - allennlp.nn.initializers -    _antecedent_scorer._module.bias
2020-05-03 19:23:10,122 - INFO - allennlp.nn.initializers -    _attentive_span_extractor._global_attention._module.bias
2020-05-03 19:23:10,123 - INFO - allennlp.nn.initializers -    _attentive_span_extractor._global_attention._module.weight
2020-05-03 19:23:10,126 - INFO - allennlp.nn.initializers -    _context_layer._module.bias_hh_l0
2020-05-03 19:23:10,127 - INFO - allennlp.nn.initializers -    _context_layer._module.bias_hh_l0_reverse
2020-05-03 19:23:10,128 - INFO - allennlp.nn.initializers -    _context_layer._module.bias_ih_l0
2020-05-03 19:23:10,129 - INFO - allennlp.nn.initializers -    _context_layer._module.bias_ih_l0_reverse
2020-05-03 19:23:10,130 - INFO - allennlp.nn.initializers -    _mention_pruner._scorer.0._module._linear_layers.0.bias
2020-05-03 19:23:10,131 - INFO - allennlp.nn.initializers -    _mention_pruner._scorer.0._module._linear_layers.1.bias
2020-05-03 19:23:10,132 - INFO - allennlp.nn.initializers -    _mention_pruner._scorer.1._module.bias
2020-05-03 19:23:10,133 - INFO - allennlp.nn.initializers -    _mention_pruner._scorer.1._module.weight
2020-05-03 19:23:10,134 - INFO - allennlp.nn.initializers -    _text_field_embedder.token_embedder_token_characters._embedding._module.weight
2020-05-03 19:23:10,135 - INFO - allennlp.nn.initializers -    _text_field_embedder.token_embedder_token_characters._encoder._module.conv_layer_0.bias
2020-05-03 19:23:10,136 - INFO - allennlp.nn.initializers -    _text_field_embedder.token_embedder_token_characters._encoder._module.conv_layer_0.weight
2020-05-03 19:23:10,137 - INFO - allennlp.nn.initializers -    _text_field_embedder.token_embedder_tokens.weight
2020-05-03 19:23:10,138 - INFO - root - Loading a model trained before embedding extension was implemented; pass an explicit vocab namespace if you want to extend the vocabulary.
2020-05-03 19:23:10,139 - INFO - root - Loading a model trained before embedding extension was implemented; pass an explicit vocab namespace if you want to extend the vocabulary.
2020-05-03 19:23:10,139 - INFO - root - Loading a model trained before embedding extension was implemented; pass an explicit vocab namespace if you want to extend the vocabulary.
2020-05-03 19:23:10,296 - INFO - allennlp.common.from_params - instantiating class <class 'allennlp.data.iterators.data_iterator.DataIterator'> from params {'type': 'bucket', 'sorting_keys': [['text', 'num_tokens']], 'padding_noise': 0.0, 'batch_size': 1} and extras set()
2020-05-03 19:23:10,296 - INFO - allennlp.common.params - iterator.type = bucket
2020-05-03 19:23:10,298 - INFO - allennlp.common.from_params - instantiating class <class 'allennlp.data.iterators.bucket_iterator.BucketIterator'> from params {'sorting_keys': [['text', 'num_tokens']], 'padding_noise': 0.0, 'batch_size': 1} and extras set()
2020-05-03 19:23:10,300 - INFO - allennlp.common.params - iterator.sorting_keys = [['text', 'num_tokens']]
2020-05-03 19:23:10,301 - INFO - allennlp.common.params - iterator.padding_noise = 0.0
2020-05-03 19:23:10,302 - INFO - allennlp.common.params - iterator.biggest_batch_first = False
2020-05-03 19:23:10,302 - INFO - allennlp.common.params - iterator.batch_size = 1
2020-05-03 19:23:10,302 - INFO - allennlp.common.params - iterator.instances_per_epoch = None
2020-05-03 19:23:10,303 - INFO - allennlp.common.params - iterator.max_instances_in_memory = None
2020-05-03 19:23:10,304 - INFO - allennlp.common.params - iterator.cache_instances = False
2020-05-03 19:23:10,304 - INFO - allennlp.common.params - iterator.track_epoch = False
2020-05-03 19:23:10,305 - INFO - allennlp.common.params - iterator.maximum_samples_per_batch = None
2020-05-03 19:23:10,305 - INFO - allennlp.common.params - iterator.skip_smaller_batches = False
2020-05-03 19:23:10,306 - INFO - allennlp.common.params - validation_iterator = None
2020-05-03 19:23:10,308 - INFO - allennlp.common.params - trainer.no_grad = ()
2020-05-03 19:23:10,310 - INFO - allennlp.training.trainer_pieces - Following parameters are Frozen  (without gradient):
2020-05-03 19:23:10,310 - INFO - allennlp.training.trainer_pieces - _text_field_embedder.token_embedder_tokens.weight
2020-05-03 19:23:10,311 - INFO - allennlp.training.trainer_pieces - Following parameters are Tunable (with gradient):
2020-05-03 19:23:10,311 - INFO - allennlp.training.trainer_pieces - _text_field_embedder.token_embedder_token_characters._embedding._module.weight
2020-05-03 19:23:10,312 - INFO - allennlp.training.trainer_pieces - _text_field_embedder.token_embedder_token_characters._encoder._module.conv_layer_0.weight
2020-05-03 19:23:10,312 - INFO - allennlp.training.trainer_pieces - _text_field_embedder.token_embedder_token_characters._encoder._module.conv_layer_0.bias
2020-05-03 19:23:10,313 - INFO - allennlp.training.trainer_pieces - _context_layer._module.weight_ih_l0
2020-05-03 19:23:10,314 - INFO - allennlp.training.trainer_pieces - _context_layer._module.weight_hh_l0
2020-05-03 19:23:10,314 - INFO - allennlp.training.trainer_pieces - _context_layer._module.bias_ih_l0
2020-05-03 19:23:10,315 - INFO - allennlp.training.trainer_pieces - _context_layer._module.bias_hh_l0
2020-05-03 19:23:10,315 - INFO - allennlp.training.trainer_pieces - _context_layer._module.weight_ih_l0_reverse
2020-05-03 19:23:10,316 - INFO - allennlp.training.trainer_pieces - _context_layer._module.weight_hh_l0_reverse
2020-05-03 19:23:10,316 - INFO - allennlp.training.trainer_pieces - _context_layer._module.bias_ih_l0_reverse
2020-05-03 19:23:10,319 - INFO - allennlp.training.trainer_pieces - _context_layer._module.bias_hh_l0_reverse
2020-05-03 19:23:10,319 - INFO - allennlp.training.trainer_pieces - _antecedent_feedforward._module._linear_layers.0.weight
2020-05-03 19:23:10,320 - INFO - allennlp.training.trainer_pieces - _antecedent_feedforward._module._linear_layers.0.bias
2020-05-03 19:23:10,320 - INFO - allennlp.training.trainer_pieces - _antecedent_feedforward._module._linear_layers.1.weight
2020-05-03 19:23:10,321 - INFO - allennlp.training.trainer_pieces - _antecedent_feedforward._module._linear_layers.1.bias
2020-05-03 19:23:10,321 - INFO - allennlp.training.trainer_pieces - _mention_pruner._scorer.0._module._linear_layers.0.weight
2020-05-03 19:23:10,322 - INFO - allennlp.training.trainer_pieces - _mention_pruner._scorer.0._module._linear_layers.0.bias
2020-05-03 19:23:10,322 - INFO - allennlp.training.trainer_pieces - _mention_pruner._scorer.0._module._linear_layers.1.weight
2020-05-03 19:23:10,323 - INFO - allennlp.training.trainer_pieces - _mention_pruner._scorer.0._module._linear_layers.1.bias
2020-05-03 19:23:10,323 - INFO - allennlp.training.trainer_pieces - _mention_pruner._scorer.1._module.weight
2020-05-03 19:23:10,324 - INFO - allennlp.training.trainer_pieces - _mention_pruner._scorer.1._module.bias
2020-05-03 19:23:10,325 - INFO - allennlp.training.trainer_pieces - _antecedent_scorer._module.weight
2020-05-03 19:23:10,325 - INFO - allennlp.training.trainer_pieces - _antecedent_scorer._module.bias
2020-05-03 19:23:10,326 - INFO - allennlp.training.trainer_pieces - _endpoint_span_extractor._span_width_embedding.weight
2020-05-03 19:23:10,326 - INFO - allennlp.training.trainer_pieces - _attentive_span_extractor._global_attention._module.weight
2020-05-03 19:23:10,330 - INFO - allennlp.training.trainer_pieces - _attentive_span_extractor._global_attention._module.bias
2020-05-03 19:23:10,330 - INFO - allennlp.training.trainer_pieces - _distance_embedding.weight
2020-05-03 19:23:10,331 - INFO - allennlp.common.params - trainer.patience = 2
2020-05-03 19:23:10,333 - INFO - allennlp.common.params - trainer.validation_metric = +coref_f1
2020-05-03 19:23:10,334 - INFO - allennlp.common.params - trainer.shuffle = True
2020-05-03 19:23:10,334 - INFO - allennlp.common.params - trainer.num_epochs = 5
2020-05-03 19:23:10,335 - INFO - allennlp.common.params - trainer.cuda_device = -1
2020-05-03 19:23:10,336 - INFO - allennlp.common.params - trainer.grad_norm = 5.0
2020-05-03 19:23:10,336 - INFO - allennlp.common.params - trainer.grad_clipping = None
2020-05-03 19:23:10,336 - INFO - allennlp.common.params - trainer.momentum_scheduler = None
2020-05-03 19:23:10,337 - INFO - allennlp.common.params - trainer.optimizer.type = adam
2020-05-03 19:23:10,338 - INFO - allennlp.common.params - trainer.optimizer.parameter_groups = None
2020-05-03 19:23:10,340 - INFO - allennlp.training.optimizers - Number of trainable parameters: 1757195
2020-05-03 19:23:10,341 - INFO - allennlp.common.params - trainer.optimizer.infer_type_and_cast = True
2020-05-03 19:23:10,342 - INFO - allennlp.common.params - Converting Params object to dict; logging of default values will not occur when dictionary parameters are used subsequently.
2020-05-03 19:23:10,342 - INFO - allennlp.common.params - CURRENTLY DEFINED PARAMETERS: 
2020-05-03 19:23:10,343 - INFO - allennlp.common.registrable - instantiating registered subclass adam of <class 'allennlp.training.optimizers.Optimizer'>
2020-05-03 19:23:10,344 - INFO - allennlp.common.params - trainer.learning_rate_scheduler.type = reduce_on_plateau
2020-05-03 19:23:10,344 - INFO - allennlp.common.registrable - instantiating registered subclass reduce_on_plateau of <class 'allennlp.training.learning_rate_schedulers.learning_rate_scheduler.LearningRateScheduler'>
2020-05-03 19:23:10,345 - INFO - allennlp.common.params - Converting Params object to dict; logging of default values will not occur when dictionary parameters are used subsequently.
2020-05-03 19:23:10,345 - INFO - allennlp.common.params - CURRENTLY DEFINED PARAMETERS: 
2020-05-03 19:23:10,346 - INFO - allennlp.common.params - trainer.learning_rate_scheduler.factor = 0.5
2020-05-03 19:23:10,346 - INFO - allennlp.common.params - trainer.learning_rate_scheduler.mode = max
2020-05-03 19:23:10,347 - INFO - allennlp.common.params - trainer.learning_rate_scheduler.patience = 2
2020-05-03 19:23:10,347 - INFO - allennlp.common.params - trainer.num_serialized_models_to_keep = 20
2020-05-03 19:23:10,348 - INFO - allennlp.common.params - trainer.keep_serialized_model_every_num_seconds = None
2020-05-03 19:23:10,349 - INFO - allennlp.common.params - trainer.model_save_interval = 500
2020-05-03 19:23:10,351 - INFO - allennlp.common.params - trainer.summary_interval = 100
2020-05-03 19:23:10,352 - INFO - allennlp.common.params - trainer.histogram_interval = None
2020-05-03 19:23:10,352 - INFO - allennlp.common.params - trainer.should_log_parameter_statistics = True
2020-05-03 19:23:10,353 - INFO - allennlp.common.params - trainer.should_log_learning_rate = False
2020-05-03 19:23:10,353 - INFO - allennlp.common.params - trainer.log_batch_size_period = None
2020-05-03 19:23:10,422 - INFO - allennlp.training.trainer - Beginning training.
2020-05-03 19:23:10,422 - INFO - allennlp.training.trainer - Epoch 0/4
2020-05-03 19:23:10,424 - INFO - allennlp.training.trainer - Peak CPU memory usage MB: 0.0
2020-05-03 19:23:10,431 - INFO - allennlp.training.trainer - Training
2020-05-03 19:31:32,950 - INFO - allennlp.training.checkpointer - Best validation performance so far. Copying weights to './base_line2/best.th'.
2020-05-03 19:39:59,776 - INFO - allennlp.training.checkpointer - Best validation performance so far. Copying weights to './base_line2/best.th'.
2020-05-03 19:48:20,693 - INFO - allennlp.training.checkpointer - Best validation performance so far. Copying weights to './base_line2/best.th'.
2020-05-03 19:56:43,182 - INFO - allennlp.training.checkpointer - Best validation performance so far. Copying weights to './base_line2/best.th'.
2020-05-03 20:05:07,682 - INFO - allennlp.training.checkpointer - Best validation performance so far. Copying weights to './base_line2/best.th'.
2020-05-03 20:13:32,992 - INFO - allennlp.training.checkpointer - Best validation performance so far. Copying weights to './base_line2/best.th'.
2020-05-03 20:21:54,438 - INFO - allennlp.training.checkpointer - Best validation performance so far. Copying weights to './base_line2/best.th'.
2020-05-03 20:30:17,764 - INFO - allennlp.training.checkpointer - Best validation performance so far. Copying weights to './base_line2/best.th'.
2020-05-03 20:38:40,565 - INFO - allennlp.training.checkpointer - Best validation performance so far. Copying weights to './base_line2/best.th'.
2020-05-03 20:47:01,035 - INFO - allennlp.training.checkpointer - Best validation performance so far. Copying weights to './base_line2/best.th'.
2020-05-03 20:55:22,085 - INFO - allennlp.training.checkpointer - Best validation performance so far. Copying weights to './base_line2/best.th'.
2020-05-03 21:03:42,518 - INFO - allennlp.training.checkpointer - Best validation performance so far. Copying weights to './base_line2/best.th'.
2020-05-03 21:12:03,028 - INFO - allennlp.training.checkpointer - Best validation performance so far. Copying weights to './base_line2/best.th'.
2020-05-03 21:20:27,197 - INFO - allennlp.training.checkpointer - Best validation performance so far. Copying weights to './base_line2/best.th'.
2020-05-03 21:28:51,404 - INFO - allennlp.training.checkpointer - Best validation performance so far. Copying weights to './base_line2/best.th'.
2020-05-03 21:37:13,761 - INFO - allennlp.training.checkpointer - Best validation performance so far. Copying weights to './base_line2/best.th'.
2020-05-03 21:45:35,494 - INFO - allennlp.training.checkpointer - Best validation performance so far. Copying weights to './base_line2/best.th'.
2020-05-03 21:53:58,028 - INFO - allennlp.training.checkpointer - Best validation performance so far. Copying weights to './base_line2/best.th'.
2020-05-03 22:02:23,132 - INFO - allennlp.training.checkpointer - Best validation performance so far. Copying weights to './base_line2/best.th'.
2020-05-03 22:10:43,723 - INFO - allennlp.training.checkpointer - Best validation performance so far. Copying weights to './base_line2/best.th'.
2020-05-03 22:19:05,898 - INFO - allennlp.training.checkpointer - Best validation performance so far. Copying weights to './base_line2/best.th'.
2020-05-03 22:27:30,716 - INFO - allennlp.training.checkpointer - Best validation performance so far. Copying weights to './base_line2/best.th'.
2020-05-03 22:35:54,835 - INFO - allennlp.training.checkpointer - Best validation performance so far. Copying weights to './base_line2/best.th'.
2020-05-03 22:38:12,626 - INFO - allennlp.training.trainer - Validating
2020-05-03 22:46:50,755 - INFO - allennlp.training.tensorboard_writer -                     Training |  Validation
2020-05-03 22:46:50,756 - INFO - allennlp.training.tensorboard_writer - coref_recall    |     0.302  |     0.514
2020-05-03 22:46:50,760 - INFO - allennlp.training.tensorboard_writer - cpu_memory_MB   |     0.000  |       N/A
2020-05-03 22:46:50,762 - INFO - allennlp.training.tensorboard_writer - coref_precision |     0.701  |     0.716
2020-05-03 22:46:50,763 - INFO - allennlp.training.tensorboard_writer - coref_f1        |     0.421  |     0.598
2020-05-03 22:46:50,764 - INFO - allennlp.training.tensorboard_writer - loss            |    49.762  |    46.660
2020-05-03 22:46:50,764 - INFO - allennlp.training.tensorboard_writer - mention_recall  |     0.715  |     0.871
2020-05-03 22:46:51,675 - INFO - allennlp.training.checkpointer - Best validation performance so far. Copying weights to './base_line2/best.th'.
2020-05-03 22:46:52,385 - INFO - allennlp.training.trainer - Epoch duration: 3:23:41.962899
2020-05-03 22:46:52,391 - INFO - allennlp.training.trainer - Estimated training time remaining: 13:34:47
2020-05-03 22:46:52,393 - INFO - allennlp.training.trainer - Epoch 1/4
2020-05-03 22:46:52,394 - INFO - allennlp.training.trainer - Peak CPU memory usage MB: 0.0
2020-05-03 22:46:52,728 - INFO - allennlp.training.trainer - Training
2020-05-03 22:55:14,434 - INFO - allennlp.training.checkpointer - Best validation performance so far. Copying weights to './base_line2/best.th'.
2020-05-03 23:03:34,516 - INFO - allennlp.training.checkpointer - Best validation performance so far. Copying weights to './base_line2/best.th'.
2020-05-03 23:11:56,346 - INFO - allennlp.training.checkpointer - Best validation performance so far. Copying weights to './base_line2/best.th'.
2020-05-03 23:20:18,104 - INFO - allennlp.training.checkpointer - Best validation performance so far. Copying weights to './base_line2/best.th'.
2020-05-03 23:28:40,005 - INFO - allennlp.training.checkpointer - Best validation performance so far. Copying weights to './base_line2/best.th'.
2020-05-03 23:37:00,384 - INFO - allennlp.training.checkpointer - Best validation performance so far. Copying weights to './base_line2/best.th'.
2020-05-03 23:45:23,993 - INFO - allennlp.training.checkpointer - Best validation performance so far. Copying weights to './base_line2/best.th'.
2020-05-03 23:53:46,814 - INFO - allennlp.training.checkpointer - Best validation performance so far. Copying weights to './base_line2/best.th'.
2020-05-04 00:02:09,019 - INFO - allennlp.training.checkpointer - Best validation performance so far. Copying weights to './base_line2/best.th'.
2020-05-04 00:10:30,739 - INFO - allennlp.training.checkpointer - Best validation performance so far. Copying weights to './base_line2/best.th'.
2020-05-04 00:18:52,118 - INFO - allennlp.training.checkpointer - Best validation performance so far. Copying weights to './base_line2/best.th'.
2020-05-04 00:27:12,945 - INFO - allennlp.training.checkpointer - Best validation performance so far. Copying weights to './base_line2/best.th'.
2020-05-04 00:35:36,011 - INFO - allennlp.training.checkpointer - Best validation performance so far. Copying weights to './base_line2/best.th'.
2020-05-04 00:43:58,467 - INFO - allennlp.training.checkpointer - Best validation performance so far. Copying weights to './base_line2/best.th'.
2020-05-04 00:52:23,930 - INFO - allennlp.training.checkpointer - Best validation performance so far. Copying weights to './base_line2/best.th'.
2020-05-04 01:00:46,315 - INFO - allennlp.training.checkpointer - Best validation performance so far. Copying weights to './base_line2/best.th'.
2020-05-04 01:09:06,873 - INFO - allennlp.training.checkpointer - Best validation performance so far. Copying weights to './base_line2/best.th'.
2020-05-04 01:17:27,588 - INFO - allennlp.training.checkpointer - Best validation performance so far. Copying weights to './base_line2/best.th'.
2020-05-04 01:25:51,309 - INFO - allennlp.training.checkpointer - Best validation performance so far. Copying weights to './base_line2/best.th'.
2020-05-04 01:34:12,176 - INFO - allennlp.training.checkpointer - Best validation performance so far. Copying weights to './base_line2/best.th'.
2020-05-04 01:42:32,549 - INFO - allennlp.training.checkpointer - Best validation performance so far. Copying weights to './base_line2/best.th'.
2020-05-04 01:50:56,992 - INFO - allennlp.training.checkpointer - Best validation performance so far. Copying weights to './base_line2/best.th'.
2020-05-04 01:59:17,539 - INFO - allennlp.training.checkpointer - Best validation performance so far. Copying weights to './base_line2/best.th'.
2020-05-04 02:03:28,743 - INFO - allennlp.training.trainer - Validating
2020-05-04 02:11:52,830 - INFO - allennlp.training.tensorboard_writer -                     Training |  Validation
2020-05-04 02:11:52,832 - INFO - allennlp.training.tensorboard_writer - coref_recall    |     0.457  |     0.569
2020-05-04 02:11:52,834 - INFO - allennlp.training.tensorboard_writer - cpu_memory_MB   |     0.000  |       N/A
2020-05-04 02:11:52,835 - INFO - allennlp.training.tensorboard_writer - coref_precision |     0.721  |     0.728
2020-05-04 02:11:52,836 - INFO - allennlp.training.tensorboard_writer - coref_f1        |     0.559  |     0.639
2020-05-04 02:11:52,838 - INFO - allennlp.training.tensorboard_writer - loss            |    46.870  |    41.141
2020-05-04 02:11:52,839 - INFO - allennlp.training.tensorboard_writer - mention_recall  |     0.859  |     0.889
2020-05-04 02:11:53,546 - INFO - allennlp.training.checkpointer - Best validation performance so far. Copying weights to './base_line2/best.th'.
2020-05-04 02:11:54,250 - INFO - allennlp.training.trainer - Epoch duration: 3:25:01.856679
2020-05-04 02:11:54,251 - INFO - allennlp.training.trainer - Estimated training time remaining: 10:13:05
2020-05-04 02:11:54,253 - INFO - allennlp.training.trainer - Epoch 2/4
2020-05-04 02:11:54,254 - INFO - allennlp.training.trainer - Peak CPU memory usage MB: 0.0
2020-05-04 02:11:54,436 - INFO - allennlp.training.trainer - Training
2020-05-04 02:20:18,952 - INFO - allennlp.training.checkpointer - Best validation performance so far. Copying weights to './base_line2/best.th'.
2020-05-04 02:28:46,676 - INFO - allennlp.training.checkpointer - Best validation performance so far. Copying weights to './base_line2/best.th'.
2020-05-04 02:37:07,443 - INFO - allennlp.training.checkpointer - Best validation performance so far. Copying weights to './base_line2/best.th'.
2020-05-04 02:45:29,169 - INFO - allennlp.training.checkpointer - Best validation performance so far. Copying weights to './base_line2/best.th'.
2020-05-04 02:53:51,715 - INFO - allennlp.training.checkpointer - Best validation performance so far. Copying weights to './base_line2/best.th'.
2020-05-04 03:02:12,675 - INFO - allennlp.training.checkpointer - Best validation performance so far. Copying weights to './base_line2/best.th'.
2020-05-04 03:10:34,164 - INFO - allennlp.training.checkpointer - Best validation performance so far. Copying weights to './base_line2/best.th'.
2020-05-04 03:18:54,358 - INFO - allennlp.training.checkpointer - Best validation performance so far. Copying weights to './base_line2/best.th'.
2020-05-04 03:27:15,315 - INFO - allennlp.training.checkpointer - Best validation performance so far. Copying weights to './base_line2/best.th'.
2020-05-04 03:35:38,492 - INFO - allennlp.training.checkpointer - Best validation performance so far. Copying weights to './base_line2/best.th'.
2020-05-04 03:43:58,785 - INFO - allennlp.training.checkpointer - Best validation performance so far. Copying weights to './base_line2/best.th'.
2020-05-04 03:52:21,568 - INFO - allennlp.training.checkpointer - Best validation performance so far. Copying weights to './base_line2/best.th'.
2020-05-04 04:00:45,090 - INFO - allennlp.training.checkpointer - Best validation performance so far. Copying weights to './base_line2/best.th'.
2020-05-04 04:09:07,529 - INFO - allennlp.training.checkpointer - Best validation performance so far. Copying weights to './base_line2/best.th'.
2020-05-04 04:17:29,085 - INFO - allennlp.training.checkpointer - Best validation performance so far. Copying weights to './base_line2/best.th'.
2020-05-04 04:25:51,105 - INFO - allennlp.training.checkpointer - Best validation performance so far. Copying weights to './base_line2/best.th'.
2020-05-04 04:34:12,461 - INFO - allennlp.training.checkpointer - Best validation performance so far. Copying weights to './base_line2/best.th'.
2020-05-04 04:42:35,102 - INFO - allennlp.training.checkpointer - Best validation performance so far. Copying weights to './base_line2/best.th'.
2020-05-04 04:50:58,241 - INFO - allennlp.training.checkpointer - Best validation performance so far. Copying weights to './base_line2/best.th'.
2020-05-04 04:59:21,203 - INFO - allennlp.training.checkpointer - Best validation performance so far. Copying weights to './base_line2/best.th'.
2020-05-04 05:07:47,502 - INFO - allennlp.training.checkpointer - Best validation performance so far. Copying weights to './base_line2/best.th'.
2020-05-04 05:16:11,369 - INFO - allennlp.training.checkpointer - Best validation performance so far. Copying weights to './base_line2/best.th'.
2020-05-04 05:24:46,219 - INFO - allennlp.training.checkpointer - Best validation performance so far. Copying weights to './base_line2/best.th'.
2020-05-04 05:27:02,782 - INFO - allennlp.training.trainer - Validating
2020-05-04 05:35:25,263 - INFO - allennlp.training.tensorboard_writer -                     Training |  Validation
2020-05-04 05:35:25,266 - INFO - allennlp.training.tensorboard_writer - coref_recall    |     0.505  |     0.594
2020-05-04 05:35:25,267 - INFO - allennlp.training.tensorboard_writer - cpu_memory_MB   |     0.000  |       N/A
2020-05-04 05:35:25,269 - INFO - allennlp.training.tensorboard_writer - coref_precision |     0.739  |     0.736
2020-05-04 05:35:25,271 - INFO - allennlp.training.tensorboard_writer - coref_f1        |     0.599  |     0.657
2020-05-04 05:35:25,273 - INFO - allennlp.training.tensorboard_writer - loss            |    42.838  |    39.642
2020-05-04 05:35:25,276 - INFO - allennlp.training.tensorboard_writer - mention_recall  |     0.877  |     0.905
2020-05-04 05:35:26,000 - INFO - allennlp.training.checkpointer - Best validation performance so far. Copying weights to './base_line2/best.th'.
2020-05-04 05:35:26,860 - INFO - allennlp.training.trainer - Epoch duration: 3:23:32.607225
2020-05-04 05:35:26,860 - INFO - allennlp.training.trainer - Estimated training time remaining: 6:48:10
2020-05-04 05:35:26,863 - INFO - allennlp.training.trainer - Epoch 3/4
2020-05-04 05:35:26,863 - INFO - allennlp.training.trainer - Peak CPU memory usage MB: 0.0
2020-05-04 05:35:27,199 - INFO - allennlp.training.trainer - Training
2020-05-04 05:43:49,194 - INFO - allennlp.training.checkpointer - Best validation performance so far. Copying weights to './base_line2/best.th'.
2020-05-04 05:52:17,133 - INFO - allennlp.training.checkpointer - Best validation performance so far. Copying weights to './base_line2/best.th'.
2020-05-04 06:00:40,853 - INFO - allennlp.training.checkpointer - Best validation performance so far. Copying weights to './base_line2/best.th'.
2020-05-04 06:09:01,362 - INFO - allennlp.training.checkpointer - Best validation performance so far. Copying weights to './base_line2/best.th'.
2020-05-04 06:17:23,567 - INFO - allennlp.training.checkpointer - Best validation performance so far. Copying weights to './base_line2/best.th'.
2020-05-04 06:25:48,771 - INFO - allennlp.training.checkpointer - Best validation performance so far. Copying weights to './base_line2/best.th'.
2020-05-04 06:34:09,487 - INFO - allennlp.training.checkpointer - Best validation performance so far. Copying weights to './base_line2/best.th'.
2020-05-04 06:42:33,623 - INFO - allennlp.training.checkpointer - Best validation performance so far. Copying weights to './base_line2/best.th'.
2020-05-04 06:50:55,028 - INFO - allennlp.training.checkpointer - Best validation performance so far. Copying weights to './base_line2/best.th'.
2020-05-04 06:59:17,451 - INFO - allennlp.training.checkpointer - Best validation performance so far. Copying weights to './base_line2/best.th'.
2020-05-04 07:07:38,622 - INFO - allennlp.training.checkpointer - Best validation performance so far. Copying weights to './base_line2/best.th'.
2020-05-04 07:16:00,017 - INFO - allennlp.training.checkpointer - Best validation performance so far. Copying weights to './base_line2/best.th'.
2020-05-04 07:24:20,505 - INFO - allennlp.training.checkpointer - Best validation performance so far. Copying weights to './base_line2/best.th'.
2020-05-04 07:32:40,339 - INFO - allennlp.training.checkpointer - Best validation performance so far. Copying weights to './base_line2/best.th'.
2020-05-04 07:41:05,255 - INFO - allennlp.training.checkpointer - Best validation performance so far. Copying weights to './base_line2/best.th'.
2020-05-04 07:49:25,815 - INFO - allennlp.training.checkpointer - Best validation performance so far. Copying weights to './base_line2/best.th'.
2020-05-04 07:57:46,557 - INFO - allennlp.training.checkpointer - Best validation performance so far. Copying weights to './base_line2/best.th'.
2020-05-04 08:06:08,342 - INFO - allennlp.training.checkpointer - Best validation performance so far. Copying weights to './base_line2/best.th'.
2020-05-04 08:14:32,508 - INFO - allennlp.training.checkpointer - Best validation performance so far. Copying weights to './base_line2/best.th'.
2020-05-04 08:22:56,042 - INFO - allennlp.training.checkpointer - Best validation performance so far. Copying weights to './base_line2/best.th'.
2020-05-04 08:31:18,233 - INFO - allennlp.training.checkpointer - Best validation performance so far. Copying weights to './base_line2/best.th'.
2020-05-04 08:39:40,366 - INFO - allennlp.training.checkpointer - Best validation performance so far. Copying weights to './base_line2/best.th'.
2020-05-04 08:48:06,385 - INFO - allennlp.training.checkpointer - Best validation performance so far. Copying weights to './base_line2/best.th'.
2020-05-04 08:50:01,508 - INFO - allennlp.training.trainer - Validating
2020-05-04 08:58:25,351 - INFO - allennlp.training.tensorboard_writer -                     Training |  Validation
2020-05-04 08:58:25,352 - INFO - allennlp.training.tensorboard_writer - coref_recall    |     0.534  |     0.607
2020-05-04 08:58:25,355 - INFO - allennlp.training.tensorboard_writer - cpu_memory_MB   |     0.000  |       N/A
2020-05-04 08:58:25,356 - INFO - allennlp.training.tensorboard_writer - coref_precision |     0.748  |     0.752
2020-05-04 08:58:25,357 - INFO - allennlp.training.tensorboard_writer - coref_f1        |     0.623  |     0.672
2020-05-04 08:58:25,358 - INFO - allennlp.training.tensorboard_writer - loss            |    40.447  |    37.826
2020-05-04 08:58:25,359 - INFO - allennlp.training.tensorboard_writer - mention_recall  |     0.893  |     0.915
2020-05-04 08:58:26,057 - INFO - allennlp.training.checkpointer - Best validation performance so far. Copying weights to './base_line2/best.th'.
2020-05-04 08:58:26,767 - INFO - allennlp.training.trainer - Epoch duration: 3:22:59.904225
2020-05-04 08:58:26,770 - INFO - allennlp.training.trainer - Estimated training time remaining: 3:23:49
2020-05-04 08:58:26,771 - INFO - allennlp.training.trainer - Epoch 4/4
2020-05-04 08:58:26,771 - INFO - allennlp.training.trainer - Peak CPU memory usage MB: 0.0
2020-05-04 08:58:27,015 - INFO - allennlp.training.trainer - Training
2020-05-04 09:06:48,037 - INFO - allennlp.training.checkpointer - Best validation performance so far. Copying weights to './base_line2/best.th'.
2020-05-04 09:15:15,388 - INFO - allennlp.training.checkpointer - Best validation performance so far. Copying weights to './base_line2/best.th'.
2020-05-04 09:23:36,682 - INFO - allennlp.training.checkpointer - Best validation performance so far. Copying weights to './base_line2/best.th'.
2020-05-04 09:32:07,999 - INFO - allennlp.training.checkpointer - Best validation performance so far. Copying weights to './base_line2/best.th'.
2020-05-04 09:40:28,489 - INFO - allennlp.training.checkpointer - Best validation performance so far. Copying weights to './base_line2/best.th'.
2020-05-04 09:48:54,128 - INFO - allennlp.training.checkpointer - Best validation performance so far. Copying weights to './base_line2/best.th'.
2020-05-04 09:57:14,467 - INFO - allennlp.training.checkpointer - Best validation performance so far. Copying weights to './base_line2/best.th'.
2020-05-04 10:00:55,884 - INFO - root - Training interrupted by the user. Attempting to create a model archive using the current best epoch weights.
2020-05-04 10:00:55,885 - INFO - allennlp.models.archival - archiving weights and vocabulary to ./base_line2\model.tar.gz
